#
# A fatal error has been detected by the Java Runtime Environment:
#
#  Internal Error (javaClasses.cpp:136), pid=5772, tid=4796
#  fatal error: Invalid layout of preloaded class
#
# JRE version:  (7.0_45-b18) (build )
# Java VM: Java HotSpot(TM) 64-Bit Server VM (24.45-b08 mixed mode windows-amd64 compressed oops)
# Failed to write core dump. Minidumps are not enabled by default on client versions of Windows
#
# If you would like to submit a bug report, please visit:
#   http://bugreport.sun.com/bugreport/crash.jsp
#

---------------  T H R E A D  ---------------

Current thread (0x0000000002b5e800):  JavaThread "Unknown thread" [_thread_in_vm, id=4796, stack(0x0000000002be0000,0x0000000002ce0000)]

Stack: [0x0000000002be0000,0x0000000002ce0000]

---------------  P R O C E S S  ---------------

Java Threads: ( => current thread )

Other Threads:

=>0x0000000002b5e800 (exited) JavaThread "Unknown thread" [_thread_in_vm, id=4796, stack(0x0000000002be0000,0x0000000002ce0000)]

VM state:not at safepoint (not fully initialized)

VM Mutex/Monitor currently owned by a thread: None

GC Heap History (0 events):
No events

Deoptimization events (0 events):
No events

Internal exceptions (0 events):
No events

Events (10 events):
Event: 0.025 loading class 0x0000000002d26570 done
Event: 0.026 loading class 0x0000000002d25f90 done
Event: 0.026 loading class 0x0000000002d25f70
Event: 0.026 loading class 0x0000000002d2e070
Event: 0.026 loading class 0x0000000002d2e070 done
Event: 0.026 loading class 0x0000000002d2e0a0
Event: 0.026 loading class 0x0000000002d2e0a0 done
Event: 0.026 loading class 0x0000000002d2e0d0
Event: 0.026 loading class 0x0000000002d2e0d0 done
Event: 0.027 loading class 0x0000000002d25f70 done


Dynamic libraries:
0x00007ff67dd40000 - 0x00007ff67dd73000 	C:\Program Files\Java\jre7\bin\javaw.exe
0x00007ffb3eec0000 - 0x00007ffb3f069000 	C:\Windows\SYSTEM32\ntdll.dll
0x00007ffb3d160000 - 0x00007ffb3d299000 	C:\Windows\system32\KERNEL32.DLL
0x00007ffb3c310000 - 0x00007ffb3c41e000 	C:\Windows\system32\KERNELBASE.dll
0x00007ffb3aa40000 - 0x00007ffb3aacb000 	C:\Windows\system32\apphelp.dll
0x00007ffb34f40000 - 0x00007ffb34f8c000 	C:\Windows\AppPatch\AppPatch64\AcGenral.DLL
0x00007ffb3cc40000 - 0x00007ffb3cce7000 	C:\Windows\system32\msvcrt.dll
0x00007ffb3c0f0000 - 0x00007ffb3c11b000 	C:\Windows\SYSTEM32\SspiCli.dll
0x00007ffb3d450000 - 0x00007ffb3d4a1000 	C:\Windows\system32\SHLWAPI.dll
0x00007ffb3c760000 - 0x00007ffb3c8d1000 	C:\Windows\system32\USER32.dll
0x00007ffb3d6d0000 - 0x00007ffb3d846000 	C:\Windows\system32\ole32.dll
0x00007ffb3d8c0000 - 0x00007ffb3eccf000 	C:\Windows\system32\SHELL32.dll
0x00007ffb3b8b0000 - 0x00007ffb3b8cf000 	C:\Windows\SYSTEM32\USERENV.dll
0x00007ffb3ced0000 - 0x00007ffb3cf75000 	C:\Windows\system32\ADVAPI32.dll
0x00007ffb31890000 - 0x00007ffb318ab000 	C:\Windows\SYSTEM32\MPR.dll
0x00007ffb3d570000 - 0x00007ffb3d6a6000 	C:\Windows\system32\RPCRT4.dll
0x00007ffb3d850000 - 0x00007ffb3d8a7000 	C:\Windows\SYSTEM32\sechost.dll
0x00007ffb3ccf0000 - 0x00007ffb3cec7000 	C:\Windows\SYSTEM32\combase.dll
0x00007ffb3d300000 - 0x00007ffb3d445000 	C:\Windows\system32\GDI32.dll
0x00007ffb3c240000 - 0x00007ffb3c254000 	C:\Windows\SYSTEM32\profapi.dll
0x00007ffb3a430000 - 0x00007ffb3a4d1000 	C:\Windows\SYSTEM32\SHCORE.dll
0x00007ffb3cc00000 - 0x00007ffb3cc34000 	C:\Windows\system32\IMM32.DLL
0x00007ffb3ecd0000 - 0x00007ffb3ee08000 	C:\Windows\system32\MSCTF.dll
0x00007ffb36370000 - 0x00007ffb365ca000 	C:\Windows\WinSxS\amd64_microsoft.windows.common-controls_6595b64144ccf1df_6.0.9600.16384_none_62475f7becb72503\COMCTL32.dll
0x0000000069e50000 - 0x0000000069f22000 	C:\Program Files\Java\jre7\bin\msvcr100.dll
0x0000000069680000 - 0x0000000069e49000 	C:\Program Files\Java\jre7\bin\server\jvm.dll
0x00007ffb33cb0000 - 0x00007ffb33cb9000 	C:\Windows\SYSTEM32\WSOCK32.dll
0x00007ffb39bd0000 - 0x00007ffb39bef000 	C:\Windows\SYSTEM32\WINMM.dll
0x00007ffb3cb40000 - 0x00007ffb3cb47000 	C:\Windows\system32\PSAPI.DLL
0x00007ffb3cae0000 - 0x00007ffb3cb38000 	C:\Windows\system32\WS2_32.dll
0x00007ffb394f0000 - 0x00007ffb3951a000 	C:\Windows\SYSTEM32\WINMMBASE.dll
0x00007ffb3cbf0000 - 0x00007ffb3cbf9000 	C:\Windows\system32\NSI.dll
0x00007ffb3c420000 - 0x00007ffb3c46a000 	C:\Windows\SYSTEM32\cfgmgr32.dll
0x00007ffb3b0c0000 - 0x00007ffb3b0e6000 	C:\Windows\SYSTEM32\DEVOBJ.dll
0x0000000069670000 - 0x000000006967f000 	C:\Program Files\Java\jre7\bin\verify.dll
0x0000000069640000 - 0x0000000069668000 	C:\Program Files\Java\jre7\bin\java.dll
0x0000000069620000 - 0x0000000069635000 	C:\Program Files\Java\jre7\bin\zip.dll

VM Arguments:
jvm_args: -Dfile.encoding=Cp1252 -Xbootclasspath:C:\64bit\adt-bundle-windows-x86_64-20131030\sdk\platforms\android-19\android.jar 
java_command: com.example.visioncheck.StartTest
Launcher Type: SUN_STANDARD

Environment Variables:
PATH=C:\Windows\system32;C:\Windows;C:\Windows\System32\Wbem;C:\Windows\System32\WindowsPowerShell\v1.0\
USERNAME=H P
OS=Windows_NT
PROCESSOR_IDENTIFIER=Intel64 Family 6 Model 69 Stepping 1, GenuineIntel



---------------  S Y S T E M  ---------------

OS: Windows 8 , 64 bit Build 9200 

CPU:total 4 (2 cores per cpu, 2 threads per core) family 6 model 69 stepping 1, cmov, cx8, fxsr, mmx, sse, sse2, sse3, ssse3, sse4.1, sse4.2, popcnt, avx, avx2, aes, erms, ht, tsc, tscinvbit

Memory: 4k page, physical 4129068k(2236752k free), swap 5570860k(3035672k free)

vm_info: Java HotSpot(TM) 64-Bit Server VM (24.45-b08) for windows-amd64 JRE (1.7.0_45-b18), built on Oct  8 2013 05:47:22 by "java_re" with unknown MS VC++:1600

time: Mon Mar 30 09:50:26 2015
elapsed time: 0 seconds

